Determining if the pthread_create exist failed with the following output:
Change Dir: /home/uchida/omni_robo/build/CMakeFiles/CMakeTmp

Run Build Command:"/usr/bin/make" "cmTC_b55e7/fast"
/usr/bin/make -f CMakeFiles/cmTC_b55e7.dir/build.make CMakeFiles/cmTC_b55e7.dir/build
make[1]: ディレクトリ '/home/uchida/omni_robo/build/CMakeFiles/CMakeTmp' に入ります
Building C object CMakeFiles/cmTC_b55e7.dir/CheckSymbolExists.c.o
/usr/bin/cc     -o CMakeFiles/cmTC_b55e7.dir/CheckSymbolExists.c.o   -c /home/uchida/omni_robo/build/CMakeFiles/CMakeTmp/CheckSymbolExists.c
Linking C executable cmTC_b55e7
/usr/bin/cmake -E cmake_link_script CMakeFiles/cmTC_b55e7.dir/link.txt --verbose=1
/usr/bin/cc       CMakeFiles/cmTC_b55e7.dir/CheckSymbolExists.c.o  -o cmTC_b55e7 -rdynamic 
CMakeFiles/cmTC_b55e7.dir/CheckSymbolExists.c.o: 関数 `main' 内:
CheckSymbolExists.c:(.text+0x16): `pthread_create' に対する定義されていない参照です
collect2: error: ld returned 1 exit status
CMakeFiles/cmTC_b55e7.dir/build.make:97: ターゲット 'cmTC_b55e7' のレシピで失敗しました
make[1]: *** [cmTC_b55e7] エラー 1
make[1]: ディレクトリ '/home/uchida/omni_robo/build/CMakeFiles/CMakeTmp' から出ます
Makefile:126: ターゲット 'cmTC_b55e7/fast' のレシピで失敗しました
make: *** [cmTC_b55e7/fast] エラー 2

File /home/uchida/omni_robo/build/CMakeFiles/CMakeTmp/CheckSymbolExists.c:
/* */
#include <pthread.h>

int main(int argc, char** argv)
{
  (void)argv;
#ifndef pthread_create
  return ((int*)(&pthread_create))[argc];
#else
  (void)argc;
  return 0;
#endif
}

Determining if the function pthread_create exists in the pthreads failed with the following output:
Change Dir: /home/uchida/omni_robo/build/CMakeFiles/CMakeTmp

Run Build Command:"/usr/bin/make" "cmTC_a5f5d/fast"
/usr/bin/make -f CMakeFiles/cmTC_a5f5d.dir/build.make CMakeFiles/cmTC_a5f5d.dir/build
make[1]: ディレクトリ '/home/uchida/omni_robo/build/CMakeFiles/CMakeTmp' に入ります
Building C object CMakeFiles/cmTC_a5f5d.dir/CheckFunctionExists.c.o
/usr/bin/cc    -DCHECK_FUNCTION_EXISTS=pthread_create   -o CMakeFiles/cmTC_a5f5d.dir/CheckFunctionExists.c.o   -c /usr/share/cmake-3.5/Modules/CheckFunctionExists.c
Linking C executable cmTC_a5f5d
/usr/bin/cmake -E cmake_link_script CMakeFiles/cmTC_a5f5d.dir/link.txt --verbose=1
/usr/bin/cc   -DCHECK_FUNCTION_EXISTS=pthread_create    CMakeFiles/cmTC_a5f5d.dir/CheckFunctionExists.c.o  -o cmTC_a5f5d -rdynamic -lpthreads 
/usr/bin/ld: -lpthreads が見つかりません
collect2: error: ld returned 1 exit status
CMakeFiles/cmTC_a5f5d.dir/build.make:97: ターゲット 'cmTC_a5f5d' のレシピで失敗しました
make[1]: *** [cmTC_a5f5d] エラー 1
make[1]: ディレクトリ '/home/uchida/omni_robo/build/CMakeFiles/CMakeTmp' から出ます
Makefile:126: ターゲット 'cmTC_a5f5d/fast' のレシピで失敗しました
make: *** [cmTC_a5f5d/fast] エラー 2


